2022-11-18 20:05:23,157 INFO org.springframework.boot.SpringApplication [main] No active profile set, falling back to default profiles: default
2022-11-18 20:05:23,664 WARN org.springframework.boot.actuate.endpoint.EndpointId [main] Endpoint ID 'hystrix.stream' contains invalid characters, please migrate to a valid format.
2022-11-18 20:05:23,745 INFO org.springframework.cloud.context.scope.GenericScope [main] BeanFactory id=62964288-6d00-33a0-a9da-010a1b57a6f9
2022-11-18 20:05:24,075 INFO org.springframework.boot.web.embedded.tomcat.TomcatWebServer [main] Tomcat initialized with port(s): 8111 (http)
2022-11-18 20:05:24,079 INFO org.apache.juli.logging.DirectJDKLog [main] Initializing ProtocolHandler ["http-nio-8111"]
2022-11-18 20:05:24,080 INFO org.apache.juli.logging.DirectJDKLog [main] Starting service [Tomcat]
2022-11-18 20:05:24,080 INFO org.apache.juli.logging.DirectJDKLog [main] Starting Servlet engine: [Apache Tomcat/9.0.45]
2022-11-18 20:05:24,163 INFO org.apache.juli.logging.DirectJDKLog [main] Initializing Spring embedded WebApplicationContext
2022-11-18 20:05:24,163 INFO org.springframework.boot.web.servlet.context.ServletWebServerApplicationContext [main] Root WebApplicationContext: initialization completed in 993 ms
2022-11-18 20:05:24,222 WARN com.netflix.config.sources.URLConfigurationSource [main] No URLs will be polled as dynamic configuration sources.
2022-11-18 20:05:24,222 INFO com.netflix.config.sources.URLConfigurationSource [main] To enable URLs as dynamic configuration sources, define System property archaius.configurationSource.additionalUrls or make config.properties available on classpath.
2022-11-18 20:05:24,227 INFO com.netflix.config.DynamicPropertyFactory [main] DynamicPropertyFactory is initialized with configuration sources: com.netflix.config.ConcurrentCompositeConfiguration@256bb5be
2022-11-18 20:05:24,735 INFO org.springframework.security.web.DefaultSecurityFilterChain [main] Creating filter chain: any request, [org.springframework.security.web.context.request.async.WebAsyncManagerIntegrationFilter@41e8d917, org.springframework.security.web.context.SecurityContextPersistenceFilter@184751f3, org.springframework.security.web.header.HeaderWriterFilter@7f8c3646, org.keycloak.adapters.springsecurity.filter.KeycloakPreAuthActionsFilter@59328218, org.keycloak.adapters.springsecurity.filter.KeycloakAuthenticationProcessingFilter@63917fe1, org.springframework.security.web.authentication.logout.LogoutFilter@4cd7d5e1, org.springframework.security.web.savedrequest.RequestCacheAwareFilter@5889fc44, org.springframework.security.web.servletapi.SecurityContextHolderAwareRequestFilter@4438b862, org.keycloak.adapters.springsecurity.filter.KeycloakSecurityContextRequestFilter@7f2b39a, org.keycloak.adapters.springsecurity.filter.KeycloakAuthenticatedActionsFilter@7a358613, org.springframework.security.web.authentication.AnonymousAuthenticationFilter@2ae5bd34, org.springframework.security.web.session.SessionManagementFilter@3375b118, org.springframework.security.web.access.ExceptionTranslationFilter@ce561cc, org.springframework.security.web.access.intercept.FilterSecurityInterceptor@1322b575]
2022-11-18 20:05:24,751 WARN org.springframework.cloud.netflix.archaius.ArchaiusAutoConfiguration [main] No spring.application.name found, defaulting to 'application'
2022-11-18 20:05:24,752 WARN com.netflix.config.sources.URLConfigurationSource [main] No URLs will be polled as dynamic configuration sources.
2022-11-18 20:05:24,752 INFO com.netflix.config.sources.URLConfigurationSource [main] To enable URLs as dynamic configuration sources, define System property archaius.configurationSource.additionalUrls or make config.properties available on classpath.
2022-11-18 20:05:24,840 INFO org.springframework.scheduling.concurrent.ExecutorConfigurationSupport [main] Initializing ExecutorService 'applicationTaskExecutor'
2022-11-18 20:05:25,370 INFO org.springframework.cloud.netflix.zuul.ZuulFilterInitializer [main] Starting filter initializer
2022-11-18 20:05:25,379 INFO org.springframework.boot.actuate.endpoint.web.EndpointLinksResolver [main] Exposing 2 endpoint(s) beneath base path '/actuator'
2022-11-18 20:05:25,421 INFO org.apache.juli.logging.DirectJDKLog [main] Starting ProtocolHandler ["http-nio-8111"]
2022-11-18 20:05:25,432 INFO org.springframework.boot.web.embedded.tomcat.TomcatWebServer [main] Tomcat started on port(s): 8111 (http) with context path ''
2022-11-18 20:05:25,531 INFO org.springframework.boot.StartupInfoLogger [main] Started GateWayApplication in 3.053 seconds (JVM running for 3.832)
2022-11-18 20:05:38,385 INFO org.apache.juli.logging.DirectJDKLog [http-nio-8111-exec-2] Initializing Spring DispatcherServlet 'dispatcherServlet'
2022-11-18 20:05:38,385 INFO org.springframework.web.servlet.FrameworkServlet [http-nio-8111-exec-2] Initializing Servlet 'dispatcherServlet'
2022-11-18 20:05:38,392 INFO org.springframework.web.servlet.FrameworkServlet [http-nio-8111-exec-2] Completed initialization in 7 ms
2022-11-18 20:05:38,483 INFO ir.bankid.common.log.SysLogAspect [http-nio-8111-exec-2]  -- Signature: ir.bankid.keycloak.controller.KeyCloakTokenController.getToken -- From: 0:0:0:0:0:0:0:1 -- Request body: SecurityContextHolderAwareRequestWrapper[ org.springframework.security.web.header.HeaderWriterFilter$HeaderWriterRequest@7bd7dbfa]  -- User-Agent: PostmanRuntime/7.29.2 -- HostName: UID_CORE -- HTTPMethod: POST -- URL: http://localhost:8111/token -- Severity: INFO -- EventType: Request -- ApplicationName: @project.name@ -- ApplicationVersion: 1.0.0 --
2022-11-18 20:07:43,534 INFO ir.bankid.common.log.SysLogAspect [http-nio-8111-exec-3]  -- Signature: ir.bankid.keycloak.controller.KeyCloakTokenController.getToken -- From: 0:0:0:0:0:0:0:1 -- Request body: SecurityContextHolderAwareRequestWrapper[ org.springframework.security.web.header.HeaderWriterFilter$HeaderWriterRequest@79d2f637]  -- User-Agent: PostmanRuntime/7.29.2 -- HostName: UID_CORE -- HTTPMethod: POST -- URL: http://localhost:8111/token -- Severity: INFO -- EventType: Request -- ApplicationName: @project.name@ -- ApplicationVersion: 1.0.0 --
2022-11-18 20:08:00,569 INFO ir.bankid.common.log.SysLogAspect [http-nio-8111-exec-6]  -- Signature: ir.bankid.keycloak.controller.KeyCloakTokenController.getToken -- From: 0:0:0:0:0:0:0:1 -- Request body: SecurityContextHolderAwareRequestWrapper[ org.springframework.security.web.header.HeaderWriterFilter$HeaderWriterRequest@718704cc]  -- User-Agent: PostmanRuntime/7.29.2 -- HostName: UID_CORE -- HTTPMethod: POST -- URL: http://localhost:8111/token -- Severity: INFO -- EventType: Request -- ApplicationName: @project.name@ -- ApplicationVersion: 1.0.0 --
2022-11-18 20:09:19,577 INFO ir.bankid.common.log.SysLogAspect [http-nio-8111-exec-8]  -- Signature: ir.bankid.keycloak.controller.KeyCloakTokenController.getToken -- From: 0:0:0:0:0:0:0:1 -- Request body: SecurityContextHolderAwareRequestWrapper[ org.springframework.security.web.header.HeaderWriterFilter$HeaderWriterRequest@26fcb8f3]  -- User-Agent: PostmanRuntime/7.29.2 -- HostName: UID_CORE -- HTTPMethod: POST -- URL: http://localhost:8111/token -- Severity: INFO -- EventType: Request -- ApplicationName: @project.name@ -- ApplicationVersion: 1.0.0 --
